<?xml version="1.0" encoding="UTF-8" ?>
<testsuite tests="4" failures="0" name="com.test.submodule1.MainTest" time="0.008" errors="0" skipped="0">
  <properties>
[...]
</properties>
  <testcase classname="com.test.submodule1.MainTest" name="addMinus" time="0.006"/>
  <testcase classname="com.test.submodule1.MainTest" name="addTests" time="0.002"/>
  <testcase classname="com.test.submodule1.MainTest" name="addDivide" time="0"/>
  <testcase classname="com.test.submodule1.MainTest" name="addMultiply" time="0"/>
</testsuite>